#-----------------------------------------------------------
# xsim v2025.2 (64-bit)
# SW Build 6299465 on Fri Nov 14 19:35:11 GMT 2025
# IP Build 6300035 on Fri Nov 14 10:48:45 MST 2025
# SharedData Build 6298862 on Thu Nov 13 04:50:51 MST 2025
# Start of session at: Sat Jun 20 23:17:04 2026
# Process ID         : 36468
# Current directory  : C:/Projects/INTERFACE_I2C_BUS/INTERFACE_I2C_BUS.sim/sim_1/behav/xsim
# Command line       : xsim.exe -log simulate_full.log -mode tcl -source {xsim.dir/tb_i2c_system_behav/xsim_script.tcl}
# Log file           : C:/Projects/INTERFACE_I2C_BUS/INTERFACE_I2C_BUS.sim/sim_1/behav/xsim/simulate_full.log
# Journal file       : C:/Projects/INTERFACE_I2C_BUS/INTERFACE_I2C_BUS.sim/sim_1/behav/xsim\xsim.jou
# Running On         : omen
# Platform           : Windows Server 2016 or Windows 10
# Operating System   : 26200
# Processor Detail   : Intel(R) Core(TM) Ultra 7 255H
# CPU Frequency      : 3686 MHz
# CPU Physical cores : 16
# CPU Logical cores  : 16
# Host memory        : 25123 MB
# Swap memory        : 9126 MB
# Total Virtual      : 34250 MB
# Available Virtual  : 4860 MB
#-----------------------------------------------------------
source xsim.dir/tb_i2c_system_behav/xsim_script.tcl
# xsim {tb_i2c_system_behav} -autoloadwcfg -tclbatch {run_all.tcl} -key {Behavioral:sim_1:Functional:tb_i2c_system}
Time resolution is 1 ps
source run_all.tcl
## run -all
==================================================
  I2C test — sim I2C 5 MHz
  Input: oled_wdata=0xxx  eeprom_ptr=0xxx
  Run at least 200 us in Vivado to see sda/scl toggle
==================================================
[411000 ns] start_demo HIGH
[511000 ns] start_demo LOW  — I2C bus should start toggling now
[2070000 ns] SLAVE 0x3c: received addr byte, shift_reg=0xf1 is_read=1
[2070000 ns] SLAVE 0x3c: no match (got 0x78) — NACK
[2070000 ns] SLAVE 0x50: received addr byte, shift_reg=0xf1 is_read=1
[2070000 ns] SLAVE 0x50: no match (got 0x78) — NACK
RESULT: FAILED (NACK)
$finish called at time : 52250 ns : File "C:/Projects/INTERFACE_I2C_BUS/INTERFACE_I2C_BUS.srcs/sources_1/imports/interface i2c/tb_i2c_system.v" Line 115
## quit
INFO: [Common 17-206] Exiting xsim at Sat Jun 20 23:17:06 2026...
