#-----------------------------------------------------------
# xsim v2025.2 (64-bit)
# SW Build 6299465 on Fri Nov 14 19:35:11 GMT 2025
# IP Build 6300035 on Fri Nov 14 10:48:45 MST 2025
# SharedData Build 6298862 on Thu Nov 13 04:50:51 MST 2025
# Start of session at: Fri Jun 12 23:14:30 2026
# Process ID         : 13020
# Current directory  : C:/Projects/INTERFACE_I2C_BUS/INTERFACE_I2C_BUS.sim/sim_1/behav/xsim
# Command line       : xsim.exe -mode tcl -source {xsim.dir/tb_i2c_system_behav/xsim_script.tcl}
# Log file           : C:/Projects/INTERFACE_I2C_BUS/INTERFACE_I2C_BUS.sim/sim_1/behav/xsim/xsim.log
# Journal file       : C:/Projects/INTERFACE_I2C_BUS/INTERFACE_I2C_BUS.sim/sim_1/behav/xsim\xsim.jou
# Running On         : omen
# Platform           : Windows Server 2016 or Windows 10
# Operating System   : 26200
# Processor Detail   : Intel(R) Core(TM) Ultra 7 255H
# CPU Frequency      : 3686 MHz
# CPU Physical cores : 16
# CPU Logical cores  : 16
# Host memory        : 25123 MB
# Swap memory        : 9126 MB
# Total Virtual      : 34250 MB
# Available Virtual  : 15639 MB
#-----------------------------------------------------------
source xsim.dir/tb_i2c_system_behav/xsim_script.tcl
# xsim {tb_i2c_system_behav} -autoloadwcfg -runall
Time resolution is 1 ps
run -all
TEST FAILED: I2C transaction error detected.
$finish called at time : 108630 ns : File "C:/Projects/INTERFACE_I2C_BUS/INTERFACE_I2C_BUS.srcs/sources_1/imports/interface i2c/tb_i2c_system.v" Line 83
exit
INFO: [Common 17-206] Exiting xsim at Fri Jun 12 23:14:36 2026...
